0 info it worked if it ends with ok
1 verbose cli [ 'D:\\Program Files\\nodejs\\node.exe',
1 verbose cli   'D:\\Program Files\\nodejs\\node_modules\\npm\\bin\\npm-cli.js',
1 verbose cli   'run',
1 verbose cli   'client' ]
2 info using npm@3.3.12
3 info using node@v5.5.0
4 verbose run-script [ 'preclient', 'client', 'postclient' ]
5 info lifecycle rate-my-app@0.0.1~preclient: rate-my-app@0.0.1
6 silly lifecycle rate-my-app@0.0.1~preclient: no script for preclient, continuing
7 info lifecycle rate-my-app@0.0.1~client: rate-my-app@0.0.1
8 verbose lifecycle rate-my-app@0.0.1~client: unsafe-perm in lifecycle true
9 verbose lifecycle rate-my-app@0.0.1~client: PATH: D:\Program Files\nodejs\node_modules\npm\bin\node-gyp-bin;D:\Workspace\RateMyApp\node_modules\.bin;C:\Program Files (x86)\Razer Chroma SDK\bin;C:\Program Files\Razer Chroma SDK\bin;C:\ProgramData\Oracle\Java\javapath;C:\Windows\system32;C:\Windows;C:\Windows\System32\Wbem;C:\Windows\System32\WindowsPowerShell\v1.0\;C:\Program Files (x86)\NVIDIA Corporation\PhysX\Common;D:\Program Files\nodejs\;D:\Go\bin;D:\Program Files (x86)\Bitvise SSH Client;C:\Program Files (x86)\Skype\Phone\;C:\WINDOWS\system32\config\systemprofile\.dnx\bin;C:\Program Files\Microsoft DNX\Dnvm\;C:\Program Files\Microsoft SQL Server\130\Tools\Binn\;C:\WINDOWS\system32;C:\WINDOWS;C:\WINDOWS\System32\Wbem;C:\WINDOWS\System32\WindowsPowerShell\v1.0\;D:\Program Files\TortoiseSVN\bin;C:\Program Files (x86)\Git\cmd;C:\Program Files (x86)\GitExtensions\;C:\Users\gwena\AppData\Local\Microsoft\WindowsApps;
10 verbose lifecycle rate-my-app@0.0.1~client: CWD: D:\Workspace\RateMyApp
11 silly lifecycle rate-my-app@0.0.1~client: Args: [ '/d /s /c', 'babel-node start-client.js' ]
12 silly lifecycle rate-my-app@0.0.1~client: Returned: code: 1  signal: null
13 info lifecycle rate-my-app@0.0.1~client: Failed to exec client script
14 verbose stack Error: rate-my-app@0.0.1 client: `babel-node start-client.js`
14 verbose stack Exit status 1
14 verbose stack     at EventEmitter.<anonymous> (D:\Program Files\nodejs\node_modules\npm\lib\utils\lifecycle.js:232:16)
14 verbose stack     at emitTwo (events.js:100:13)
14 verbose stack     at EventEmitter.emit (events.js:185:7)
14 verbose stack     at ChildProcess.<anonymous> (D:\Program Files\nodejs\node_modules\npm\lib\utils\spawn.js:24:14)
14 verbose stack     at emitTwo (events.js:100:13)
14 verbose stack     at ChildProcess.emit (events.js:185:7)
14 verbose stack     at maybeClose (internal/child_process.js:821:16)
14 verbose stack     at Process.ChildProcess._handle.onexit (internal/child_process.js:211:5)
15 verbose pkgid rate-my-app@0.0.1
16 verbose cwd D:\Workspace\RateMyApp
17 error Windows_NT 10.0.14393
18 error argv "D:\\Program Files\\nodejs\\node.exe" "D:\\Program Files\\nodejs\\node_modules\\npm\\bin\\npm-cli.js" "run" "client"
19 error node v5.5.0
20 error npm  v3.3.12
21 error code ELIFECYCLE
22 error rate-my-app@0.0.1 client: `babel-node start-client.js`
22 error Exit status 1
23 error Failed at the rate-my-app@0.0.1 client script 'babel-node start-client.js'.
23 error Make sure you have the latest version of node.js and npm installed.
23 error If you do, this is most likely a problem with the rate-my-app package,
23 error not with npm itself.
23 error Tell the author that this fails on your system:
23 error     babel-node start-client.js
23 error You can get their info via:
23 error     npm owner ls rate-my-app
23 error There is likely additional logging output above.
24 verbose exit [ 1, true ]
